<?xml version="1.0" encoding="UTF-8"?>
<!-- Generated by org.testng.reporters.JUnitXMLReporter -->
<testsuite hostname="Mehedis-MacBook-Pro.local" ignored="2" name="Default test" tests="1" failures="0" timestamp="26 Jun 2018 21:02:13 GMT" time="14.95" errors="0">
  <testcase name="filter_error_message_date" time="3.55" classname="testSuits.Instafin.TestSuit_Reports"/>
  <testcase name="filter_AccountAction_Log" time="0.0" classname="testSuits.Instafin.TestSuit_Reports">
    <ignored/>
  </testcase> <!-- filter_AccountAction_Log -->
  <testcase name="verify_Elements_displayed" time="0.0" classname="testSuits.Instafin.TestSuit_Reports">
    <ignored/>
  </testcase> <!-- verify_Elements_displayed -->
</testsuite> <!-- Default test -->
