<?xml version="1.0" encoding="UTF-8"?>
<testng-results skipped="0" failed="0" ignored="2" total="3" passed="1">
  <reporter-output>
  </reporter-output>
  <suite name="Default suite" duration-ms="14950" started-at="2018-06-26T21:01:59Z" finished-at="2018-06-26T21:02:13Z">
    <groups>
    </groups>
    <test name="Default test" duration-ms="14950" started-at="2018-06-26T21:01:59Z" finished-at="2018-06-26T21:02:13Z">
      <class name="testSuits.Instafin.TestSuit_Reports">
        <test-method status="PASS" signature="beforeTesting()[pri:0, instance:testSuits.Instafin.TestSuit_Reports@51891008]" name="beforeTesting" is-config="true" duration-ms="9275" started-at="2018-06-26T21:01:59Z" finished-at="2018-06-26T21:02:08Z">
          <reporter-output>
          </reporter-output>
        </test-method> <!-- beforeTesting -->
        <test-method status="PASS" signature="filter_error_message_date()[pri:0, instance:testSuits.Instafin.TestSuit_Reports@51891008]" name="filter_error_message_date" duration-ms="3550" started-at="2018-06-26T21:02:08Z" finished-at="2018-06-26T21:02:11Z">
          <reporter-output>
          </reporter-output>
        </test-method> <!-- filter_error_message_date -->
        <test-method status="PASS" signature="afterTesting()[pri:0, instance:testSuits.Instafin.TestSuit_Reports@51891008]" name="afterTesting" is-config="true" duration-ms="2112" started-at="2018-06-26T21:02:11Z" finished-at="2018-06-26T21:02:13Z">
          <reporter-output>
          </reporter-output>
        </test-method> <!-- afterTesting -->
      </class> <!-- testSuits.Instafin.TestSuit_Reports -->
    </test> <!-- Default test -->
  </suite> <!-- Default suite -->
</testng-results>
