<?xml version="1.0" encoding="UTF-8"?>
<testng-results skipped="0" failed="0" ignored="5" total="6" passed="1">
  <reporter-output>
  </reporter-output>
  <suite name="Default suite" duration-ms="39727" started-at="2018-07-01T02:35:57Z" finished-at="2018-07-01T02:36:37Z">
    <groups>
    </groups>
    <test name="Default test" duration-ms="39727" started-at="2018-07-01T02:35:57Z" finished-at="2018-07-01T02:36:37Z">
      <class name="Instafin.TestSuit_BulkActions">
        <test-method status="PASS" signature="beforeTesting()[pri:0, instance:testSuits.Instafin.TestSuit_BulkActions@6cd24612]" name="beforeTesting" is-config="true" duration-ms="10301" started-at="2018-07-01T02:35:57Z" finished-at="2018-07-01T02:36:08Z">
          <reporter-output>
          </reporter-output>
        </test-method> <!-- beforeTesting -->
        <test-method status="PASS" signature="CombineSheet_Enter_Payments()[pri:2, instance:testSuits.Instafin.TestSuit_BulkActions@6cd24612]" name="CombineSheet_Enter_Payments" duration-ms="27299" started-at="2018-07-01T02:36:08Z" finished-at="2018-07-01T02:36:35Z">
          <reporter-output>
          </reporter-output>
        </test-method> <!-- CombineSheet_Enter_Payments -->
        <test-method status="PASS" signature="afterTesting()[pri:0, instance:testSuits.Instafin.TestSuit_BulkActions@6cd24612]" name="afterTesting" is-config="true" duration-ms="2113" started-at="2018-07-01T02:36:35Z" finished-at="2018-07-01T02:36:37Z">
          <reporter-output>
          </reporter-output>
        </test-method> <!-- afterTesting -->
      </class> <!-- testSuits.Instafin.TestSuit_BulkActions -->
    </test> <!-- Default test -->
  </suite> <!-- Default suite -->
</testng-results>
