<?xml version="1.0" encoding="UTF-8"?>
<testng-results skipped="0" failed="1" ignored="2" total="3" passed="0">
  <reporter-output>
  </reporter-output>
  <suite name="Default suite" duration-ms="67476" started-at="2018-06-26T17:35:13Z" finished-at="2018-06-26T17:36:20Z">
    <groups>
    </groups>
    <test name="Default test" duration-ms="67476" started-at="2018-06-26T17:35:13Z" finished-at="2018-06-26T17:36:20Z">
      <class name="testSuits.Instafin.TestSuit_Create">
        <test-method status="PASS" signature="beforeTesting()[pri:0, instance:testSuits.Instafin.TestSuit_Create@72c8e7b]" name="beforeTesting" is-config="true" duration-ms="60603" started-at="2018-06-26T17:35:13Z" finished-at="2018-06-26T17:36:13Z">
          <reporter-output>
          </reporter-output>
        </test-method> <!-- beforeTesting -->
        <test-method status="FAIL" signature="corporate_user_creation()[pri:0, instance:testSuits.Instafin.TestSuit_Create@72c8e7b]" name="corporate_user_creation" duration-ms="5567" started-at="2018-06-26T17:36:13Z" finished-at="2018-06-26T17:36:19Z">
          <exception class="org.openqa.selenium.support.ui.UnexpectedTagNameException">
            <message>
              <![CDATA[Element should have been "select" but was "input"
Build info: version: '3.12.0', revision: '7c6e0b3', time: '2018-05-08T14:04:26.12Z'
System info: host: 'Mehedis-MacBook-Pro.local', ip: 'fe80:0:0:0:1c10:feb1:2d14:1e7a%en0', os.name: 'Mac OS X', os.arch: 'x86_64', os.version: '10.13.4', java.version: '1.8.0_162'
Driver info: driver.version: unknown]]>
            </message>
            <full-stacktrace>
              <![CDATA[org.openqa.selenium.support.ui.UnexpectedTagNameException: Element should have been "select" but was "input"
Build info: version: '3.12.0', revision: '7c6e0b3', time: '2018-05-08T14:04:26.12Z'
System info: host: 'Mehedis-MacBook-Pro.local', ip: 'fe80:0:0:0:1c10:feb1:2d14:1e7a%en0', os.name: 'Mac OS X', os.arch: 'x86_64', os.version: '10.13.4', java.version: '1.8.0_162'
Driver info: driver.version: unknown
at org.openqa.selenium.support.ui.Select.<init>(Select.java:47)
at pages.Instafin.Create.Page_Create_Corporate.Branch_Selection(Page_Create_Corporate.java:102)
at testSuits.Instafin.TestSuit_Create.corporate_user_creation(TestSuit_Create.java:84)
at sun.reflect.NativeMethodAccessorImpl.invoke0(Native Method)
at sun.reflect.NativeMethodAccessorImpl.invoke(NativeMethodAccessorImpl.java:62)
at sun.reflect.DelegatingMethodAccessorImpl.invoke(DelegatingMethodAccessorImpl.java:43)
at java.lang.reflect.Method.invoke(Method.java:498)
at org.testng.internal.MethodInvocationHelper.invokeMethod(MethodInvocationHelper.java:124)
at org.testng.internal.Invoker.invokeMethod(Invoker.java:583)
at org.testng.internal.Invoker.invokeTestMethod(Invoker.java:719)
at org.testng.internal.Invoker.invokeTestMethods(Invoker.java:989)
at org.testng.internal.TestMethodWorker.invokeTestMethods(TestMethodWorker.java:125)
at org.testng.internal.TestMethodWorker.run(TestMethodWorker.java:109)
at org.testng.TestRunner.privateRun(TestRunner.java:648)
at org.testng.TestRunner.run(TestRunner.java:505)
at org.testng.SuiteRunner.runTest(SuiteRunner.java:455)
at org.testng.SuiteRunner.runSequentially(SuiteRunner.java:450)
at org.testng.SuiteRunner.privateRun(SuiteRunner.java:415)
at org.testng.SuiteRunner.run(SuiteRunner.java:364)
at org.testng.SuiteRunnerWorker.runSuite(SuiteRunnerWorker.java:52)
at org.testng.SuiteRunnerWorker.run(SuiteRunnerWorker.java:84)
at org.testng.TestNG.runSuitesSequentially(TestNG.java:1208)
at org.testng.TestNG.runSuitesLocally(TestNG.java:1137)
at org.testng.TestNG.runSuites(TestNG.java:1049)
at org.testng.TestNG.run(TestNG.java:1017)
at org.testng.remote.AbstractRemoteTestNG.run(AbstractRemoteTestNG.java:114)
at org.testng.remote.RemoteTestNG.initAndRun(RemoteTestNG.java:251)
at org.testng.remote.RemoteTestNG.main(RemoteTestNG.java:77)
]]>
            </full-stacktrace>
          </exception> <!-- org.openqa.selenium.support.ui.UnexpectedTagNameException -->
          <reporter-output>
          </reporter-output>
        </test-method> <!-- corporate_user_creation -->
        <test-method status="PASS" signature="afterTesting()[pri:0, instance:testSuits.Instafin.TestSuit_Create@72c8e7b]" name="afterTesting" is-config="true" duration-ms="1288" started-at="2018-06-26T17:36:19Z" finished-at="2018-06-26T17:36:20Z">
          <reporter-output>
          </reporter-output>
        </test-method> <!-- afterTesting -->
      </class> <!-- testSuits.Instafin.TestSuit_Create -->
    </test> <!-- Default test -->
  </suite> <!-- Default suite -->
</testng-results>
