<?xml version="1.0" encoding="UTF-8"?>
<!-- Generated by org.testng.reporters.JUnitReportReporter -->
<testsuite skipped="0" hostname="Mehedis-MacBook-Pro.local" name="testSuits.Instafin.TestSuit_Offline_Transactions" tests="1" failures="0" timestamp="26 Jun 2018 19:47:26 GMT" time="5.627" errors="0">
  <testcase name="verify_Offline_Transaction_Filter_Working" time="5.627" classname="testSuits.Instafin.TestSuit_Offline_Transactions"/>
</testsuite> <!-- testSuits.Instafin.TestSuit_Offline_Transactions -->
